<?xml version="1.0" encoding="UTF-8"?>
<!-- Generated by org.testng.reporters.JUnitXMLReporter -->
<testsuite hostname="sakthivel-PC" name="First TestNG Test Suite" tests="4" failures="1" timestamp="30 Oct 2015 11:55:10 GMT" time="116.893" errors="0">
  <testcase name="main" time="72.463" classname="demo1.AddSaleOrder"/>
  <testcase name="salesorderack" time="19.431" classname="demo1.AddSaleOrder"/>
  <testcase name="function" time="24.968" classname="demo1.AddSaleOrder"/>
  <testcase name="main" time="0.0" classname="demo1.NewTest">
    <failure type="java.lang.NullPointerException">
      <![CDATA[java.lang.NullPointerException
	at demo1.NewTest.main(NewTest.java:18)
... Removed 24 stack frames]]>
    </failure>
  </testcase> <!-- main -->
</testsuite> <!-- First TestNG Test Suite -->
