<?xml version="1.0" encoding="UTF-8"?>
<!-- Generated by org.testng.reporters.JUnitXMLReporter -->
<testsuite hostname="sakthivel-PC" name="Test" tests="4" failures="1" timestamp="30 Oct 2015 09:45:04 GMT" time="145.253" errors="0">
  <testcase name="main" time="81.345" classname="demo1.AddSaleOrder"/>
  <testcase name="function" time="28.149" classname="demo1.AddSaleOrder"/>
  <testcase name="SalesReport" time="35.729" classname="demo1.AddSaleOrder"/>
  <testcase name="main" time="0.0" classname="demo1.NewTest">
    <failure type="java.lang.NullPointerException">
      <![CDATA[java.lang.NullPointerException
	at demo1.NewTest.main(NewTest.java:18)
... Removed 24 stack frames]]>
    </failure>
  </testcase> <!-- main -->
</testsuite> <!-- Test -->
