<?xml version="1.0" encoding="UTF-8"?>
<testsuite name="KeyedIN TestName"
           tests="5"
           failures="0"
           errors="0"
           skipped="0"
           time="132.065">
  <properties />
  
  
            <testcase name="EditSalesOrder" time="25.171" classname="demo1.CRUD" />
                <testcase name="AddSalesOrder" time="37.052" classname="demo1.CRUD" />
                <testcase name="SearchSaleOrder" time="23.431" classname="demo1.CRUD" />
                <testcase name="DeleteSalesOrder" time="23.171" classname="demo1.CRUD" />
                <testcase name="ViewSalesOrder" time="23.240" classname="demo1.CRUD" />
      
</testsuite>
