<?xml version="1.0" encoding="UTF-8"?>
<testsuite name="KeyedIN Test"
           tests="8"
           failures="0"
           errors="0"
           skipped="0"
           time="225.521">
  <properties />
  
  
            <testcase name="ViewSalesOrder" time="30.121" classname="demo1.CRUD" />
                <testcase name="SalesOrderListing" time="31.081" classname="demo1.CRUD" />
                <testcase name="SearchSaleOrder" time="30.652" classname="demo1.CRUD" />
                <testcase name="AddNewSOitem" time="41.501" classname="demo1.CRUD" />
                <testcase name="SaleOrderACK" time="22.465" classname="demo1.CRUD" />
                <testcase name="EditSalesOrder" time="18.521" classname="demo1.CRUD" />
                <testcase name="DeleteSalesOrder" time="20.651" classname="demo1.CRUD" />
                <testcase name="AddSalesOrder" time="30.529" classname="demo1.CRUD" />
      
</testsuite>
