<?xml version="1.0" encoding="UTF-8"?>
<!-- Generated by org.testng.reporters.JUnitXMLReporter -->
<testsuite hostname="sakthivel-PC" name="TestNG" tests="5" failures="4" timestamp="3 Nov 2015 11:54:46 GMT" time="50.679" errors="0">
  <testcase name="function" time="24.696" classname="demo1.loginpage"/>
  <testcase name="AddSalesOrder" time="0.002" classname="demo1.CRUD">
    <failure type="java.lang.NullPointerException">
      <![CDATA[java.lang.NullPointerException
	at demo1.CRUD.AddSalesOrder(CRUD.java:26)
... Removed 24 stack frames]]>
    </failure>
  </testcase> <!-- AddSalesOrder -->
  <testcase name="SearchSaleOrder" time="0.0" classname="demo1.CRUD">
    <failure type="java.lang.NullPointerException">
      <![CDATA[java.lang.NullPointerException
	at demo1.CRUD.SearchSaleOrder(CRUD.java:53)
... Removed 24 stack frames]]>
    </failure>
  </testcase> <!-- SearchSaleOrder -->
  <testcase name="EditSalesOrder" time="0.003" classname="demo1.CRUD">
    <failure type="java.lang.NullPointerException">
      <![CDATA[java.lang.NullPointerException
	at com.google.common.base.Preconditions.checkNotNull(Preconditions.java:210)
	at org.openqa.selenium.support.ui.FluentWait.<init>(FluentWait.java:102)
	at org.openqa.selenium.support.ui.WebDriverWait.<init>(WebDriverWait.java:71)
	at org.openqa.selenium.support.ui.WebDriverWait.<init>(WebDriverWait.java:45)
	at demo1.CRUD.EditSalesOrder(CRUD.java:74)
... Removed 24 stack frames]]>
    </failure>
  </testcase> <!-- EditSalesOrder -->
  <testcase name="DeleteSalesOrder" time="0.001" classname="demo1.CRUD">
    <failure type="java.lang.NullPointerException">
      <![CDATA[java.lang.NullPointerException
	at demo1.CRUD.DeleteSalesOrder(CRUD.java:92)
... Removed 24 stack frames]]>
    </failure>
  </testcase> <!-- DeleteSalesOrder -->
</testsuite> <!-- TestNG -->
